Crash Annotation GraphicsCriticalError: |[0][GFX1-]: glxtest: libpci missing (t=1.41173) [GFX1-]: glxtest: libpci missing
Crash Annotation GraphicsCriticalError: |[0][GFX1-]: glxtest: libpci missing (t=1.41173) |[1][GFX1-]: glxtest: libEGL missing (t=1.41179) [GFX1-]: glxtest: libEGL missing
Crash Annotation GraphicsCriticalError: |[0][GFX1-]: glxtest: libpci missing (t=1.41173) |[1][GFX1-]: glxtest: libEGL missing (t=1.41179) |[2][GFX1-]: glxtest: libGL.so.1 missing (t=1.41181) [GFX1-]: glxtest: libGL.so.1 missing
Crash Annotation GraphicsCriticalError: |[0][GFX1-]: glxtest: libpci missing (t=1.41173) |[1][GFX1-]: glxtest: libEGL missing (t=1.41179) |[2][GFX1-]: glxtest: libGL.so.1 missing (t=1.41181) |[3][GFX1-]: glxtest: libEGL missing (t=1.41182) [GFX1-]: glxtest: libEGL missing
Crash Annotation GraphicsCriticalError: |[0][GFX1-]: glxtest: libpci missing (t=1.41173) |[1][GFX1-]: glxtest: libEGL missing (t=1.41179) |[2][GFX1-]: glxtest: libGL.so.1 missing (t=1.41181) |[3][GFX1-]: glxtest: libEGL missing (t=1.41182) |[4][GFX1-]: No GPUs detected via PCI (t=1.41185) [GFX1-]: No GPUs detected via PCI
Crash Annotation GraphicsCriticalError: |[0][GFX1-]: glxtest: libpci missing (t=1.1352) [GFX1-]: glxtest: libpci missing
Crash Annotation GraphicsCriticalError: |[0][GFX1-]: glxtest: libpci missing (t=1.1352) |[1][GFX1-]: glxtest: libEGL missing (t=1.13525) [GFX1-]: glxtest: libEGL missing
Crash Annotation GraphicsCriticalError: |[0][GFX1-]: glxtest: libpci missing (t=1.1352) |[1][GFX1-]: glxtest: libEGL missing (t=1.13525) |[2][GFX1-]: glxtest: libGL.so.1 missing (t=1.13526) [GFX1-]: glxtest: libGL.so.1 missing
Crash Annotation GraphicsCriticalError: |[0][GFX1-]: glxtest: libpci missing (t=1.1352) |[1][GFX1-]: glxtest: libEGL missing (t=1.13525) |[2][GFX1-]: glxtest: libGL.so.1 missing (t=1.13526) |[3][GFX1-]: glxtest: libEGL missing (t=1.13528) [GFX1-]: glxtest: libEGL missing
Crash Annotation GraphicsCriticalError: |[0][GFX1-]: glxtest: libpci missing (t=1.1352) |[1][GFX1-]: glxtest: libEGL missing (t=1.13525) |[2][GFX1-]: glxtest: libGL.so.1 missing (t=1.13526) |[3][GFX1-]: glxtest: libEGL missing (t=1.13528) |[4][GFX1-]: No GPUs detected via PCI (t=1.1353) [GFX1-]: No GPUs detected via PCI
Crash Annotation GraphicsCriticalError: |[0][GFX1-]: glxtest: libpci missing (t=1.12578) [GFX1-]: glxtest: libpci missing
Crash Annotation GraphicsCriticalError: |[0][GFX1-]: glxtest: libpci missing (t=1.12578) |[1][GFX1-]: glxtest: libEGL missing (t=1.12583) [GFX1-]: glxtest: libEGL missing
Crash Annotation GraphicsCriticalError: |[0][GFX1-]: glxtest: libpci missing (t=1.12578) |[1][GFX1-]: glxtest: libEGL missing (t=1.12583) |[2][GFX1-]: glxtest: libGL.so.1 missing (t=1.12585) [GFX1-]: glxtest: libGL.so.1 missing
Crash Annotation GraphicsCriticalError: |[0][GFX1-]: glxtest: libpci missing (t=1.12578) |[1][GFX1-]: glxtest: libEGL missing (t=1.12583) |[2][GFX1-]: glxtest: libGL.so.1 missing (t=1.12585) |[3][GFX1-]: glxtest: libEGL missing (t=1.12586) [GFX1-]: glxtest: libEGL missing
Crash Annotation GraphicsCriticalError: |[0][GFX1-]: glxtest: libpci missing (t=1.12578) |[1][GFX1-]: glxtest: libEGL missing (t=1.12583) |[2][GFX1-]: glxtest: libGL.so.1 missing (t=1.12585) |[3][GFX1-]: glxtest: libEGL missing (t=1.12586) |[4][GFX1-]: No GPUs detected via PCI (t=1.12588) [GFX1-]: No GPUs detected via PCI
Crash Annotation GraphicsCriticalError: |[0][GFX1-]: glxtest: libpci missing (t=1.22103) [GFX1-]: glxtest: libpci missing
Crash Annotation GraphicsCriticalError: |[0][GFX1-]: glxtest: libpci missing (t=1.22103) |[1][GFX1-]: glxtest: libEGL missing (t=1.22108) [GFX1-]: glxtest: libEGL missing
Crash Annotation GraphicsCriticalError: |[0][GFX1-]: glxtest: libpci missing (t=1.22103) |[1][GFX1-]: glxtest: libEGL missing (t=1.22108) |[2][GFX1-]: glxtest: libGL.so.1 missing (t=1.22109) [GFX1-]: glxtest: libGL.so.1 missing
Crash Annotation GraphicsCriticalError: |[0][GFX1-]: glxtest: libpci missing (t=1.22103) |[1][GFX1-]: glxtest: libEGL missing (t=1.22108) |[2][GFX1-]: glxtest: libGL.so.1 missing (t=1.22109) |[3][GFX1-]: glxtest: libEGL missing (t=1.22111) [GFX1-]: glxtest: libEGL missing
Crash Annotation GraphicsCriticalError: |[0][GFX1-]: glxtest: libpci missing (t=1.22103) |[1][GFX1-]: glxtest: libEGL missing (t=1.22108) |[2][GFX1-]: glxtest: libGL.so.1 missing (t=1.22109) |[3][GFX1-]: glxtest: libEGL missing (t=1.22111) |[4][GFX1-]: No GPUs detected via PCI (t=1.22114) [GFX1-]: No GPUs detected via PCI
Crash Annotation GraphicsCriticalError: |[0][GFX1-]: glxtest: libpci missing (t=1.13196) [GFX1-]: glxtest: libpci missing
Crash Annotation GraphicsCriticalError: |[0][GFX1-]: glxtest: libpci missing (t=1.13196) |[1][GFX1-]: glxtest: libEGL missing (t=1.13204) [GFX1-]: glxtest: libEGL missing
Crash Annotation GraphicsCriticalError: |[0][GFX1-]: glxtest: libpci missing (t=1.13196) |[1][GFX1-]: glxtest: libEGL missing (t=1.13204) |[2][GFX1-]: glxtest: libGL.so.1 missing (t=1.13205) [GFX1-]: glxtest: libGL.so.1 missing
Crash Annotation GraphicsCriticalError: |[0][GFX1-]: glxtest: libpci missing (t=1.13196) |[1][GFX1-]: glxtest: libEGL missing (t=1.13204) |[2][GFX1-]: glxtest: libGL.so.1 missing (t=1.13205) |[3][GFX1-]: glxtest: libEGL missing (t=1.13207) [GFX1-]: glxtest: libEGL missing
Crash Annotation GraphicsCriticalError: |[0][GFX1-]: glxtest: libpci missing (t=1.13196) |[1][GFX1-]: glxtest: libEGL missing (t=1.13204) |[2][GFX1-]: glxtest: libGL.so.1 missing (t=1.13205) |[3][GFX1-]: glxtest: libEGL missing (t=1.13207) |[4][GFX1-]: No GPUs detected via PCI (t=1.13209) [GFX1-]: No GPUs detected via PCI
Crash Annotation GraphicsCriticalError: |[0][GFX1-]: glxtest: libpci missing (t=1.06243) [GFX1-]: glxtest: libpci missing
Crash Annotation GraphicsCriticalError: |[0][GFX1-]: glxtest: libpci missing (t=1.06243) |[1][GFX1-]: glxtest: libEGL missing (t=1.06248) [GFX1-]: glxtest: libEGL missing
Crash Annotation GraphicsCriticalError: |[0][GFX1-]: glxtest: libpci missing (t=1.06243) |[1][GFX1-]: glxtest: libEGL missing (t=1.06248) |[2][GFX1-]: glxtest: libGL.so.1 missing (t=1.0625) [GFX1-]: glxtest: libGL.so.1 missing
Crash Annotation GraphicsCriticalError: |[0][GFX1-]: glxtest: libpci missing (t=1.06243) |[1][GFX1-]: glxtest: libEGL missing (t=1.06248) |[2][GFX1-]: glxtest: libGL.so.1 missing (t=1.0625) |[3][GFX1-]: glxtest: libEGL missing (t=1.06251) [GFX1-]: glxtest: libEGL missing
Crash Annotation GraphicsCriticalError: |[0][GFX1-]: glxtest: libpci missing (t=1.06243) |[1][GFX1-]: glxtest: libEGL missing (t=1.06248) |[2][GFX1-]: glxtest: libGL.so.1 missing (t=1.0625) |[3][GFX1-]: glxtest: libEGL missing (t=1.06251) |[4][GFX1-]: No GPUs detected via PCI (t=1.06253) [GFX1-]: No GPUs detected via PCI
Crash Annotation GraphicsCriticalError: |[0][GFX1-]: glxtest: libpci missing (t=1.0851) [GFX1-]: glxtest: libpci missing
Crash Annotation GraphicsCriticalError: |[0][GFX1-]: glxtest: libpci missing (t=1.0851) |[1][GFX1-]: glxtest: libEGL missing (t=1.08515) [GFX1-]: glxtest: libEGL missing
Crash Annotation GraphicsCriticalError: |[0][GFX1-]: glxtest: libpci missing (t=1.0851) |[1][GFX1-]: glxtest: libEGL missing (t=1.08515) |[2][GFX1-]: glxtest: libGL.so.1 missing (t=1.08516) [GFX1-]: glxtest: libGL.so.1 missing
Crash Annotation GraphicsCriticalError: |[0][GFX1-]: glxtest: libpci missing (t=1.0851) |[1][GFX1-]: glxtest: libEGL missing (t=1.08515) |[2][GFX1-]: glxtest: libGL.so.1 missing (t=1.08516) |[3][GFX1-]: glxtest: libEGL missing (t=1.08518) [GFX1-]: glxtest: libEGL missing
Crash Annotation GraphicsCriticalError: |[0][GFX1-]: glxtest: libpci missing (t=1.0851) |[1][GFX1-]: glxtest: libEGL missing (t=1.08515) |[2][GFX1-]: glxtest: libGL.so.1 missing (t=1.08516) |[3][GFX1-]: glxtest: libEGL missing (t=1.08518) |[4][GFX1-]: No GPUs detected via PCI (t=1.0852) [GFX1-]: No GPUs detected via PCI
Crash Annotation GraphicsCriticalError: |[0][GFX1-]: glxtest: libpci missing (t=1.06871) [GFX1-]: glxtest: libpci missing
Crash Annotation GraphicsCriticalError: |[0][GFX1-]: glxtest: libpci missing (t=1.06871) |[1][GFX1-]: glxtest: libEGL missing (t=1.06878) [GFX1-]: glxtest: libEGL missing
Crash Annotation GraphicsCriticalError: |[0][GFX1-]: glxtest: libpci missing (t=1.06871) |[1][GFX1-]: glxtest: libEGL missing (t=1.06878) |[2][GFX1-]: glxtest: libGL.so.1 missing (t=1.0688) [GFX1-]: glxtest: libGL.so.1 missing
Crash Annotation GraphicsCriticalError: |[0][GFX1-]: glxtest: libpci missing (t=1.06871) |[1][GFX1-]: glxtest: libEGL missing (t=1.06878) |[2][GFX1-]: glxtest: libGL.so.1 missing (t=1.0688) |[3][GFX1-]: glxtest: libEGL missing (t=1.06882) [GFX1-]: glxtest: libEGL missing
Crash Annotation GraphicsCriticalError: |[0][GFX1-]: glxtest: libpci missing (t=1.06871) |[1][GFX1-]: glxtest: libEGL missing (t=1.06878) |[2][GFX1-]: glxtest: libGL.so.1 missing (t=1.0688) |[3][GFX1-]: glxtest: libEGL missing (t=1.06882) |[4][GFX1-]: No GPUs detected via PCI (t=1.06884) [GFX1-]: No GPUs detected via PCI
Crash Annotation GraphicsCriticalError: |[0][GFX1-]: glxtest: libpci missing (t=1.04104) [GFX1-]: glxtest: libpci missing
Crash Annotation GraphicsCriticalError: |[0][GFX1-]: glxtest: libpci missing (t=1.04104) |[1][GFX1-]: glxtest: libEGL missing (t=1.04109) [GFX1-]: glxtest: libEGL missing
Crash Annotation GraphicsCriticalError: |[0][GFX1-]: glxtest: libpci missing (t=1.04104) |[1][GFX1-]: glxtest: libEGL missing (t=1.04109) |[2][GFX1-]: glxtest: libGL.so.1 missing (t=1.04113) [GFX1-]: glxtest: libGL.so.1 missing
Crash Annotation GraphicsCriticalError: |[0][GFX1-]: glxtest: libpci missing (t=1.04104) |[1][GFX1-]: glxtest: libEGL missing (t=1.04109) |[2][GFX1-]: glxtest: libGL.so.1 missing (t=1.04113) |[3][GFX1-]: glxtest: libEGL missing (t=1.04114) [GFX1-]: glxtest: libEGL missing
Crash Annotation GraphicsCriticalError: |[0][GFX1-]: glxtest: libpci missing (t=1.04104) |[1][GFX1-]: glxtest: libEGL missing (t=1.04109) |[2][GFX1-]: glxtest: libGL.so.1 missing (t=1.04113) |[3][GFX1-]: glxtest: libEGL missing (t=1.04114) |[4][GFX1-]: No GPUs detected via PCI (t=1.04116) [GFX1-]: No GPUs detected via PCI
Crash Annotation GraphicsCriticalError: |[0][GFX1-]: glxtest: libpci missing (t=1.07557) [GFX1-]: glxtest: libpci missing
Crash Annotation GraphicsCriticalError: |[0][GFX1-]: glxtest: libpci missing (t=1.07557) |[1][GFX1-]: glxtest: libEGL missing (t=1.07566) [GFX1-]: glxtest: libEGL missing
Crash Annotation GraphicsCriticalError: |[0][GFX1-]: glxtest: libpci missing (t=1.07557) |[1][GFX1-]: glxtest: libEGL missing (t=1.07566) |[2][GFX1-]: glxtest: libGL.so.1 missing (t=1.07568) [GFX1-]: glxtest: libGL.so.1 missing
Crash Annotation GraphicsCriticalError: |[0][GFX1-]: glxtest: libpci missing (t=1.07557) |[1][GFX1-]: glxtest: libEGL missing (t=1.07566) |[2][GFX1-]: glxtest: libGL.so.1 missing (t=1.07568) |[3][GFX1-]: glxtest: libEGL missing (t=1.0757) [GFX1-]: glxtest: libEGL missing
Crash Annotation GraphicsCriticalError: |[0][GFX1-]: glxtest: libpci missing (t=1.07557) |[1][GFX1-]: glxtest: libEGL missing (t=1.07566) |[2][GFX1-]: glxtest: libGL.so.1 missing (t=1.07568) |[3][GFX1-]: glxtest: libEGL missing (t=1.0757) |[4][GFX1-]: No GPUs detected via PCI (t=1.07572) [GFX1-]: No GPUs detected via PCI
Crash Annotation GraphicsCriticalError: |[0][GFX1-]: glxtest: libpci missing (t=1.08583) [GFX1-]: glxtest: libpci missing
Crash Annotation GraphicsCriticalError: |[0][GFX1-]: glxtest: libpci missing (t=1.08583) |[1][GFX1-]: glxtest: libEGL missing (t=1.08588) [GFX1-]: glxtest: libEGL missing
Crash Annotation GraphicsCriticalError: |[0][GFX1-]: glxtest: libpci missing (t=1.08583) |[1][GFX1-]: glxtest: libEGL missing (t=1.08588) |[2][GFX1-]: glxtest: libGL.so.1 missing (t=1.0859) [GFX1-]: glxtest: libGL.so.1 missing
Crash Annotation GraphicsCriticalError: |[0][GFX1-]: glxtest: libpci missing (t=1.08583) |[1][GFX1-]: glxtest: libEGL missing (t=1.08588) |[2][GFX1-]: glxtest: libGL.so.1 missing (t=1.0859) |[3][GFX1-]: glxtest: libEGL missing (t=1.08591) [GFX1-]: glxtest: libEGL missing
Crash Annotation GraphicsCriticalError: |[0][GFX1-]: glxtest: libpci missing (t=1.08583) |[1][GFX1-]: glxtest: libEGL missing (t=1.08588) |[2][GFX1-]: glxtest: libGL.so.1 missing (t=1.0859) |[3][GFX1-]: glxtest: libEGL missing (t=1.08591) |[4][GFX1-]: No GPUs detected via PCI (t=1.08594) [GFX1-]: No GPUs detected via PCI
Crash Annotation GraphicsCriticalError: |[0][GFX1-]: glxtest: libpci missing (t=1.0653) [GFX1-]: glxtest: libpci missing
Crash Annotation GraphicsCriticalError: |[0][GFX1-]: glxtest: libpci missing (t=1.0653) |[1][GFX1-]: glxtest: libEGL missing (t=1.06536) [GFX1-]: glxtest: libEGL missing
Crash Annotation GraphicsCriticalError: |[0][GFX1-]: glxtest: libpci missing (t=1.0653) |[1][GFX1-]: glxtest: libEGL missing (t=1.06536) |[2][GFX1-]: glxtest: libGL.so.1 missing (t=1.06538) [GFX1-]: glxtest: libGL.so.1 missing
Crash Annotation GraphicsCriticalError: |[0][GFX1-]: glxtest: libpci missing (t=1.0653) |[1][GFX1-]: glxtest: libEGL missing (t=1.06536) |[2][GFX1-]: glxtest: libGL.so.1 missing (t=1.06538) |[3][GFX1-]: glxtest: libEGL missing (t=1.06539) [GFX1-]: glxtest: libEGL missing
Crash Annotation GraphicsCriticalError: |[0][GFX1-]: glxtest: libpci missing (t=1.0653) |[1][GFX1-]: glxtest: libEGL missing (t=1.06536) |[2][GFX1-]: glxtest: libGL.so.1 missing (t=1.06538) |[3][GFX1-]: glxtest: libEGL missing (t=1.06539) |[4][GFX1-]: No GPUs detected via PCI (t=1.06541) [GFX1-]: No GPUs detected via PCI
Crash Annotation GraphicsCriticalError: |[0][GFX1-]: glxtest: libpci missing (t=1.09039) [GFX1-]: glxtest: libpci missing
Crash Annotation GraphicsCriticalError: |[0][GFX1-]: glxtest: libpci missing (t=1.09039) |[1][GFX1-]: glxtest: libEGL missing (t=1.09045) [GFX1-]: glxtest: libEGL missing
Crash Annotation GraphicsCriticalError: |[0][GFX1-]: glxtest: libpci missing (t=1.09039) |[1][GFX1-]: glxtest: libEGL missing (t=1.09045) |[2][GFX1-]: glxtest: libGL.so.1 missing (t=1.09046) [GFX1-]: glxtest: libGL.so.1 missing
Crash Annotation GraphicsCriticalError: |[0][GFX1-]: glxtest: libpci missing (t=1.09039) |[1][GFX1-]: glxtest: libEGL missing (t=1.09045) |[2][GFX1-]: glxtest: libGL.so.1 missing (t=1.09046) |[3][GFX1-]: glxtest: libEGL missing (t=1.09048) [GFX1-]: glxtest: libEGL missing
Crash Annotation GraphicsCriticalError: |[0][GFX1-]: glxtest: libpci missing (t=1.09039) |[1][GFX1-]: glxtest: libEGL missing (t=1.09045) |[2][GFX1-]: glxtest: libGL.so.1 missing (t=1.09046) |[3][GFX1-]: glxtest: libEGL missing (t=1.09048) |[4][GFX1-]: No GPUs detected via PCI (t=1.0905) [GFX1-]: No GPUs detected via PCI
Crash Annotation GraphicsCriticalError: |[0][GFX1-]: glxtest: libpci missing (t=1.24611) [GFX1-]: glxtest: libpci missing
Crash Annotation GraphicsCriticalError: |[0][GFX1-]: glxtest: libpci missing (t=1.24611) |[1][GFX1-]: glxtest: libEGL missing (t=1.24615) [GFX1-]: glxtest: libEGL missing
Crash Annotation GraphicsCriticalError: |[0][GFX1-]: glxtest: libpci missing (t=1.24611) |[1][GFX1-]: glxtest: libEGL missing (t=1.24615) |[2][GFX1-]: glxtest: libGL.so.1 missing (t=1.24618) [GFX1-]: glxtest: libGL.so.1 missing
Crash Annotation GraphicsCriticalError: |[0][GFX1-]: glxtest: libpci missing (t=1.24611) |[1][GFX1-]: glxtest: libEGL missing (t=1.24615) |[2][GFX1-]: glxtest: libGL.so.1 missing (t=1.24618) |[3][GFX1-]: glxtest: libEGL missing (t=1.2462) [GFX1-]: glxtest: libEGL missing
Crash Annotation GraphicsCriticalError: |[0][GFX1-]: glxtest: libpci missing (t=1.24611) |[1][GFX1-]: glxtest: libEGL missing (t=1.24615) |[2][GFX1-]: glxtest: libGL.so.1 missing (t=1.24618) |[3][GFX1-]: glxtest: libEGL missing (t=1.2462) |[4][GFX1-]: No GPUs detected via PCI (t=1.24622) [GFX1-]: No GPUs detected via PCI
Crash Annotation GraphicsCriticalError: |[0][GFX1-]: glxtest: libpci missing (t=1.0734) [GFX1-]: glxtest: libpci missing
Crash Annotation GraphicsCriticalError: |[0][GFX1-]: glxtest: libpci missing (t=1.0734) |[1][GFX1-]: glxtest: libEGL missing (t=1.07347) [GFX1-]: glxtest: libEGL missing
Crash Annotation GraphicsCriticalError: |[0][GFX1-]: glxtest: libpci missing (t=1.0734) |[1][GFX1-]: glxtest: libEGL missing (t=1.07347) |[2][GFX1-]: glxtest: libGL.so.1 missing (t=1.07349) [GFX1-]: glxtest: libGL.so.1 missing
Crash Annotation GraphicsCriticalError: |[0][GFX1-]: glxtest: libpci missing (t=1.0734) |[1][GFX1-]: glxtest: libEGL missing (t=1.07347) |[2][GFX1-]: glxtest: libGL.so.1 missing (t=1.07349) |[3][GFX1-]: glxtest: libEGL missing (t=1.0735) [GFX1-]: glxtest: libEGL missing
Crash Annotation GraphicsCriticalError: |[0][GFX1-]: glxtest: libpci missing (t=1.0734) |[1][GFX1-]: glxtest: libEGL missing (t=1.07347) |[2][GFX1-]: glxtest: libGL.so.1 missing (t=1.07349) |[3][GFX1-]: glxtest: libEGL missing (t=1.0735) |[4][GFX1-]: No GPUs detected via PCI (t=1.07355) [GFX1-]: No GPUs detected via PCI
Crash Annotation GraphicsCriticalError: |[0][GFX1-]: glxtest: libpci missing (t=1.06479) [GFX1-]: glxtest: libpci missing
Crash Annotation GraphicsCriticalError: |[0][GFX1-]: glxtest: libpci missing (t=1.06479) |[1][GFX1-]: glxtest: libEGL missing (t=1.06485) [GFX1-]: glxtest: libEGL missing
Crash Annotation GraphicsCriticalError: |[0][GFX1-]: glxtest: libpci missing (t=1.06479) |[1][GFX1-]: glxtest: libEGL missing (t=1.06485) |[2][GFX1-]: glxtest: libGL.so.1 missing (t=1.06487) [GFX1-]: glxtest: libGL.so.1 missing
Crash Annotation GraphicsCriticalError: |[0][GFX1-]: glxtest: libpci missing (t=1.06479) |[1][GFX1-]: glxtest: libEGL missing (t=1.06485) |[2][GFX1-]: glxtest: libGL.so.1 missing (t=1.06487) |[3][GFX1-]: glxtest: libEGL missing (t=1.06488) [GFX1-]: glxtest: libEGL missing
Crash Annotation GraphicsCriticalError: |[0][GFX1-]: glxtest: libpci missing (t=1.06479) |[1][GFX1-]: glxtest: libEGL missing (t=1.06485) |[2][GFX1-]: glxtest: libGL.so.1 missing (t=1.06487) |[3][GFX1-]: glxtest: libEGL missing (t=1.06488) |[4][GFX1-]: No GPUs detected via PCI (t=1.06492) [GFX1-]: No GPUs detected via PCI
Crash Annotation GraphicsCriticalError: |[0][GFX1-]: glxtest: libpci missing (t=1.03499) [GFX1-]: glxtest: libpci missing
Crash Annotation GraphicsCriticalError: |[0][GFX1-]: glxtest: libpci missing (t=1.03499) |[1][GFX1-]: glxtest: libEGL missing (t=1.03504) [GFX1-]: glxtest: libEGL missing
Crash Annotation GraphicsCriticalError: |[0][GFX1-]: glxtest: libpci missing (t=1.03499) |[1][GFX1-]: glxtest: libEGL missing (t=1.03504) |[2][GFX1-]: glxtest: libGL.so.1 missing (t=1.03506) [GFX1-]: glxtest: libGL.so.1 missing
Crash Annotation GraphicsCriticalError: |[0][GFX1-]: glxtest: libpci missing (t=1.03499) |[1][GFX1-]: glxtest: libEGL missing (t=1.03504) |[2][GFX1-]: glxtest: libGL.so.1 missing (t=1.03506) |[3][GFX1-]: glxtest: libEGL missing (t=1.03507) [GFX1-]: glxtest: libEGL missing
Crash Annotation GraphicsCriticalError: |[0][GFX1-]: glxtest: libpci missing (t=1.03499) |[1][GFX1-]: glxtest: libEGL missing (t=1.03504) |[2][GFX1-]: glxtest: libGL.so.1 missing (t=1.03506) |[3][GFX1-]: glxtest: libEGL missing (t=1.03507) |[4][GFX1-]: No GPUs detected via PCI (t=1.03509) [GFX1-]: No GPUs detected via PCI
Crash Annotation GraphicsCriticalError: |[0][GFX1-]: glxtest: libpci missing (t=1.02785) [GFX1-]: glxtest: libpci missing
Crash Annotation GraphicsCriticalError: |[0][GFX1-]: glxtest: libpci missing (t=1.02785) |[1][GFX1-]: glxtest: libEGL missing (t=1.0279) [GFX1-]: glxtest: libEGL missing
Crash Annotation GraphicsCriticalError: |[0][GFX1-]: glxtest: libpci missing (t=1.02785) |[1][GFX1-]: glxtest: libEGL missing (t=1.0279) |[2][GFX1-]: glxtest: libGL.so.1 missing (t=1.02791) [GFX1-]: glxtest: libGL.so.1 missing
Crash Annotation GraphicsCriticalError: |[0][GFX1-]: glxtest: libpci missing (t=1.02785) |[1][GFX1-]: glxtest: libEGL missing (t=1.0279) |[2][GFX1-]: glxtest: libGL.so.1 missing (t=1.02791) |[3][GFX1-]: glxtest: libEGL missing (t=1.02793) [GFX1-]: glxtest: libEGL missing
Crash Annotation GraphicsCriticalError: |[0][GFX1-]: glxtest: libpci missing (t=1.02785) |[1][GFX1-]: glxtest: libEGL missing (t=1.0279) |[2][GFX1-]: glxtest: libGL.so.1 missing (t=1.02791) |[3][GFX1-]: glxtest: libEGL missing (t=1.02793) |[4][GFX1-]: No GPUs detected via PCI (t=1.02795) [GFX1-]: No GPUs detected via PCI
Crash Annotation GraphicsCriticalError: |[0][GFX1-]: glxtest: libpci missing (t=1.19784) [GFX1-]: glxtest: libpci missing
Crash Annotation GraphicsCriticalError: |[0][GFX1-]: glxtest: libpci missing (t=1.19784) |[1][GFX1-]: glxtest: libEGL missing (t=1.19788) [GFX1-]: glxtest: libEGL missing
Crash Annotation GraphicsCriticalError: |[0][GFX1-]: glxtest: libpci missing (t=1.19784) |[1][GFX1-]: glxtest: libEGL missing (t=1.19788) |[2][GFX1-]: glxtest: libGL.so.1 missing (t=1.19792) [GFX1-]: glxtest: libGL.so.1 missing
Crash Annotation GraphicsCriticalError: |[0][GFX1-]: glxtest: libpci missing (t=1.19784) |[1][GFX1-]: glxtest: libEGL missing (t=1.19788) |[2][GFX1-]: glxtest: libGL.so.1 missing (t=1.19792) |[3][GFX1-]: glxtest: libEGL missing (t=1.19794) [GFX1-]: glxtest: libEGL missing
Crash Annotation GraphicsCriticalError: |[0][GFX1-]: glxtest: libpci missing (t=1.19784) |[1][GFX1-]: glxtest: libEGL missing (t=1.19788) |[2][GFX1-]: glxtest: libGL.so.1 missing (t=1.19792) |[3][GFX1-]: glxtest: libEGL missing (t=1.19794) |[4][GFX1-]: No GPUs detected via PCI (t=1.19797) [GFX1-]: No GPUs detected via PCI
Crash Annotation GraphicsCriticalError: |[0][GFX1-]: glxtest: libpci missing (t=1.07891) [GFX1-]: glxtest: libpci missing
Crash Annotation GraphicsCriticalError: |[0][GFX1-]: glxtest: libpci missing (t=1.07891) |[1][GFX1-]: glxtest: libEGL missing (t=1.07898) [GFX1-]: glxtest: libEGL missing
Crash Annotation GraphicsCriticalError: |[0][GFX1-]: glxtest: libpci missing (t=1.07891) |[1][GFX1-]: glxtest: libEGL missing (t=1.07898) |[2][GFX1-]: glxtest: libGL.so.1 missing (t=1.079) [GFX1-]: glxtest: libGL.so.1 missing
Crash Annotation GraphicsCriticalError: |[0][GFX1-]: glxtest: libpci missing (t=1.07891) |[1][GFX1-]: glxtest: libEGL missing (t=1.07898) |[2][GFX1-]: glxtest: libGL.so.1 missing (t=1.079) |[3][GFX1-]: glxtest: libEGL missing (t=1.07902) [GFX1-]: glxtest: libEGL missing
Crash Annotation GraphicsCriticalError: |[0][GFX1-]: glxtest: libpci missing (t=1.07891) |[1][GFX1-]: glxtest: libEGL missing (t=1.07898) |[2][GFX1-]: glxtest: libGL.so.1 missing (t=1.079) |[3][GFX1-]: glxtest: libEGL missing (t=1.07902) |[4][GFX1-]: No GPUs detected via PCI (t=1.07904) [GFX1-]: No GPUs detected via PCI
Crash Annotation GraphicsCriticalError: |[0][GFX1-]: glxtest: libpci missing (t=1.0264) [GFX1-]: glxtest: libpci missing
Crash Annotation GraphicsCriticalError: |[0][GFX1-]: glxtest: libpci missing (t=1.0264) |[1][GFX1-]: glxtest: libEGL missing (t=1.02647) [GFX1-]: glxtest: libEGL missing
Crash Annotation GraphicsCriticalError: |[0][GFX1-]: glxtest: libpci missing (t=1.0264) |[1][GFX1-]: glxtest: libEGL missing (t=1.02647) |[2][GFX1-]: glxtest: libGL.so.1 missing (t=1.02648) [GFX1-]: glxtest: libGL.so.1 missing
Crash Annotation GraphicsCriticalError: |[0][GFX1-]: glxtest: libpci missing (t=1.0264) |[1][GFX1-]: glxtest: libEGL missing (t=1.02647) |[2][GFX1-]: glxtest: libGL.so.1 missing (t=1.02648) |[3][GFX1-]: glxtest: libEGL missing (t=1.0265) [GFX1-]: glxtest: libEGL missing
Crash Annotation GraphicsCriticalError: |[0][GFX1-]: glxtest: libpci missing (t=1.0264) |[1][GFX1-]: glxtest: libEGL missing (t=1.02647) |[2][GFX1-]: glxtest: libGL.so.1 missing (t=1.02648) |[3][GFX1-]: glxtest: libEGL missing (t=1.0265) |[4][GFX1-]: No GPUs detected via PCI (t=1.02652) [GFX1-]: No GPUs detected via PCI
Crash Annotation GraphicsCriticalError: |[0][GFX1-]: glxtest: libpci missing (t=1.0961) [GFX1-]: glxtest: libpci missing
Crash Annotation GraphicsCriticalError: |[0][GFX1-]: glxtest: libpci missing (t=1.0961) |[1][GFX1-]: glxtest: libEGL missing (t=1.09615) [GFX1-]: glxtest: libEGL missing
Crash Annotation GraphicsCriticalError: |[0][GFX1-]: glxtest: libpci missing (t=1.0961) |[1][GFX1-]: glxtest: libEGL missing (t=1.09615) |[2][GFX1-]: glxtest: libGL.so.1 missing (t=1.09617) [GFX1-]: glxtest: libGL.so.1 missing
Crash Annotation GraphicsCriticalError: |[0][GFX1-]: glxtest: libpci missing (t=1.0961) |[1][GFX1-]: glxtest: libEGL missing (t=1.09615) |[2][GFX1-]: glxtest: libGL.so.1 missing (t=1.09617) |[3][GFX1-]: glxtest: libEGL missing (t=1.09618) [GFX1-]: glxtest: libEGL missing
Crash Annotation GraphicsCriticalError: |[0][GFX1-]: glxtest: libpci missing (t=1.0961) |[1][GFX1-]: glxtest: libEGL missing (t=1.09615) |[2][GFX1-]: glxtest: libGL.so.1 missing (t=1.09617) |[3][GFX1-]: glxtest: libEGL missing (t=1.09618) |[4][GFX1-]: No GPUs detected via PCI (t=1.09622) [GFX1-]: No GPUs detected via PCI
Crash Annotation GraphicsCriticalError: |[0][GFX1-]: glxtest: libpci missing (t=1.02031) [GFX1-]: glxtest: libpci missing
Crash Annotation GraphicsCriticalError: |[0][GFX1-]: glxtest: libpci missing (t=1.02031) |[1][GFX1-]: glxtest: libEGL missing (t=1.0204) [GFX1-]: glxtest: libEGL missing
Crash Annotation GraphicsCriticalError: |[0][GFX1-]: glxtest: libpci missing (t=1.02031) |[1][GFX1-]: glxtest: libEGL missing (t=1.0204) |[2][GFX1-]: glxtest: libGL.so.1 missing (t=1.02041) [GFX1-]: glxtest: libGL.so.1 missing
Crash Annotation GraphicsCriticalError: |[0][GFX1-]: glxtest: libpci missing (t=1.02031) |[1][GFX1-]: glxtest: libEGL missing (t=1.0204) |[2][GFX1-]: glxtest: libGL.so.1 missing (t=1.02041) |[3][GFX1-]: glxtest: libEGL missing (t=1.02043) [GFX1-]: glxtest: libEGL missing
Crash Annotation GraphicsCriticalError: |[0][GFX1-]: glxtest: libpci missing (t=1.02031) |[1][GFX1-]: glxtest: libEGL missing (t=1.0204) |[2][GFX1-]: glxtest: libGL.so.1 missing (t=1.02041) |[3][GFX1-]: glxtest: libEGL missing (t=1.02043) |[4][GFX1-]: No GPUs detected via PCI (t=1.02045) [GFX1-]: No GPUs detected via PCI
Crash Annotation GraphicsCriticalError: |[0][GFX1-]: glxtest: libpci missing (t=1.09494) [GFX1-]: glxtest: libpci missing
Crash Annotation GraphicsCriticalError: |[0][GFX1-]: glxtest: libpci missing (t=1.09494) |[1][GFX1-]: glxtest: libEGL missing (t=1.095) [GFX1-]: glxtest: libEGL missing
Crash Annotation GraphicsCriticalError: |[0][GFX1-]: glxtest: libpci missing (t=1.09494) |[1][GFX1-]: glxtest: libEGL missing (t=1.095) |[2][GFX1-]: glxtest: libGL.so.1 missing (t=1.09501) [GFX1-]: glxtest: libGL.so.1 missing
Crash Annotation GraphicsCriticalError: |[0][GFX1-]: glxtest: libpci missing (t=1.09494) |[1][GFX1-]: glxtest: libEGL missing (t=1.095) |[2][GFX1-]: glxtest: libGL.so.1 missing (t=1.09501) |[3][GFX1-]: glxtest: libEGL missing (t=1.09503) [GFX1-]: glxtest: libEGL missing
Crash Annotation GraphicsCriticalError: |[0][GFX1-]: glxtest: libpci missing (t=1.09494) |[1][GFX1-]: glxtest: libEGL missing (t=1.095) |[2][GFX1-]: glxtest: libGL.so.1 missing (t=1.09501) |[3][GFX1-]: glxtest: libEGL missing (t=1.09503) |[4][GFX1-]: No GPUs detected via PCI (t=1.09506) [GFX1-]: No GPUs detected via PCI
Crash Annotation GraphicsCriticalError: |[0][GFX1-]: glxtest: libpci missing (t=1.02728) [GFX1-]: glxtest: libpci missing
Crash Annotation GraphicsCriticalError: |[0][GFX1-]: glxtest: libpci missing (t=1.02728) |[1][GFX1-]: glxtest: libEGL missing (t=1.02735) [GFX1-]: glxtest: libEGL missing
Crash Annotation GraphicsCriticalError: |[0][GFX1-]: glxtest: libpci missing (t=1.02728) |[1][GFX1-]: glxtest: libEGL missing (t=1.02735) |[2][GFX1-]: glxtest: libGL.so.1 missing (t=1.02736) [GFX1-]: glxtest: libGL.so.1 missing
Crash Annotation GraphicsCriticalError: |[0][GFX1-]: glxtest: libpci missing (t=1.02728) |[1][GFX1-]: glxtest: libEGL missing (t=1.02735) |[2][GFX1-]: glxtest: libGL.so.1 missing (t=1.02736) |[3][GFX1-]: glxtest: libEGL missing (t=1.02738) [GFX1-]: glxtest: libEGL missing
Crash Annotation GraphicsCriticalError: |[0][GFX1-]: glxtest: libpci missing (t=1.02728) |[1][GFX1-]: glxtest: libEGL missing (t=1.02735) |[2][GFX1-]: glxtest: libGL.so.1 missing (t=1.02736) |[3][GFX1-]: glxtest: libEGL missing (t=1.02738) |[4][GFX1-]: No GPUs detected via PCI (t=1.0274) [GFX1-]: No GPUs detected via PCI
Crash Annotation GraphicsCriticalError: |[0][GFX1-]: glxtest: libpci missing (t=1.01682) [GFX1-]: glxtest: libpci missing
Crash Annotation GraphicsCriticalError: |[0][GFX1-]: glxtest: libpci missing (t=1.01682) |[1][GFX1-]: glxtest: libEGL missing (t=1.01688) [GFX1-]: glxtest: libEGL missing
Crash Annotation GraphicsCriticalError: |[0][GFX1-]: glxtest: libpci missing (t=1.01682) |[1][GFX1-]: glxtest: libEGL missing (t=1.01688) |[2][GFX1-]: glxtest: libGL.so.1 missing (t=1.01689) [GFX1-]: glxtest: libGL.so.1 missing
Crash Annotation GraphicsCriticalError: |[0][GFX1-]: glxtest: libpci missing (t=1.01682) |[1][GFX1-]: glxtest: libEGL missing (t=1.01688) |[2][GFX1-]: glxtest: libGL.so.1 missing (t=1.01689) |[3][GFX1-]: glxtest: libEGL missing (t=1.01691) [GFX1-]: glxtest: libEGL missing
Crash Annotation GraphicsCriticalError: |[0][GFX1-]: glxtest: libpci missing (t=1.01682) |[1][GFX1-]: glxtest: libEGL missing (t=1.01688) |[2][GFX1-]: glxtest: libGL.so.1 missing (t=1.01689) |[3][GFX1-]: glxtest: libEGL missing (t=1.01691) |[4][GFX1-]: No GPUs detected via PCI (t=1.01693) [GFX1-]: No GPUs detected via PCI
Crash Annotation GraphicsCriticalError: |[0][GFX1-]: glxtest: libpci missing (t=1.04345) [GFX1-]: glxtest: libpci missing
Crash Annotation GraphicsCriticalError: |[0][GFX1-]: glxtest: libpci missing (t=1.04345) |[1][GFX1-]: glxtest: libEGL missing (t=1.04352) [GFX1-]: glxtest: libEGL missing
Crash Annotation GraphicsCriticalError: |[0][GFX1-]: glxtest: libpci missing (t=1.04345) |[1][GFX1-]: glxtest: libEGL missing (t=1.04352) |[2][GFX1-]: glxtest: libGL.so.1 missing (t=1.04354) [GFX1-]: glxtest: libGL.so.1 missing
Crash Annotation GraphicsCriticalError: |[0][GFX1-]: glxtest: libpci missing (t=1.04345) |[1][GFX1-]: glxtest: libEGL missing (t=1.04352) |[2][GFX1-]: glxtest: libGL.so.1 missing (t=1.04354) |[3][GFX1-]: glxtest: libEGL missing (t=1.04355) [GFX1-]: glxtest: libEGL missing
Crash Annotation GraphicsCriticalError: |[0][GFX1-]: glxtest: libpci missing (t=1.04345) |[1][GFX1-]: glxtest: libEGL missing (t=1.04352) |[2][GFX1-]: glxtest: libGL.so.1 missing (t=1.04354) |[3][GFX1-]: glxtest: libEGL missing (t=1.04355) |[4][GFX1-]: No GPUs detected via PCI (t=1.04357) [GFX1-]: No GPUs detected via PCI
Crash Annotation GraphicsCriticalError: |[0][GFX1-]: glxtest: libpci missing (t=0.995827) [GFX1-]: glxtest: libpci missing
Crash Annotation GraphicsCriticalError: |[0][GFX1-]: glxtest: libpci missing (t=0.995827) |[1][GFX1-]: glxtest: libEGL missing (t=0.995872) [GFX1-]: glxtest: libEGL missing
Crash Annotation GraphicsCriticalError: |[0][GFX1-]: glxtest: libpci missing (t=0.995827) |[1][GFX1-]: glxtest: libEGL missing (t=0.995872) |[2][GFX1-]: glxtest: libGL.so.1 missing (t=0.995886) [GFX1-]: glxtest: libGL.so.1 missing
Crash Annotation GraphicsCriticalError: |[0][GFX1-]: glxtest: libpci missing (t=0.995827) |[1][GFX1-]: glxtest: libEGL missing (t=0.995872) |[2][GFX1-]: glxtest: libGL.so.1 missing (t=0.995886) |[3][GFX1-]: glxtest: libEGL missing (t=0.995901) [GFX1-]: glxtest: libEGL missing
Crash Annotation GraphicsCriticalError: |[0][GFX1-]: glxtest: libpci missing (t=0.995827) |[1][GFX1-]: glxtest: libEGL missing (t=0.995872) |[2][GFX1-]: glxtest: libGL.so.1 missing (t=0.995886) |[3][GFX1-]: glxtest: libEGL missing (t=0.995901) |[4][GFX1-]: No GPUs detected via PCI (t=0.995921) [GFX1-]: No GPUs detected via PCI
Crash Annotation GraphicsCriticalError: |[0][GFX1-]: glxtest: libpci missing (t=1.01894) [GFX1-]: glxtest: libpci missing
Crash Annotation GraphicsCriticalError: |[0][GFX1-]: glxtest: libpci missing (t=1.01894) |[1][GFX1-]: glxtest: libEGL missing (t=1.01899) [GFX1-]: glxtest: libEGL missing
Crash Annotation GraphicsCriticalError: |[0][GFX1-]: glxtest: libpci missing (t=1.01894) |[1][GFX1-]: glxtest: libEGL missing (t=1.01899) |[2][GFX1-]: glxtest: libGL.so.1 missing (t=1.01901) [GFX1-]: glxtest: libGL.so.1 missing
Crash Annotation GraphicsCriticalError: |[0][GFX1-]: glxtest: libpci missing (t=1.01894) |[1][GFX1-]: glxtest: libEGL missing (t=1.01899) |[2][GFX1-]: glxtest: libGL.so.1 missing (t=1.01901) |[3][GFX1-]: glxtest: libEGL missing (t=1.01903) [GFX1-]: glxtest: libEGL missing
Crash Annotation GraphicsCriticalError: |[0][GFX1-]: glxtest: libpci missing (t=1.01894) |[1][GFX1-]: glxtest: libEGL missing (t=1.01899) |[2][GFX1-]: glxtest: libGL.so.1 missing (t=1.01901) |[3][GFX1-]: glxtest: libEGL missing (t=1.01903) |[4][GFX1-]: No GPUs detected via PCI (t=1.01905) [GFX1-]: No GPUs detected via PCI
Crash Annotation GraphicsCriticalError: |[0][GFX1-]: glxtest: libpci missing (t=1.01037) [GFX1-]: glxtest: libpci missing
Crash Annotation GraphicsCriticalError: |[0][GFX1-]: glxtest: libpci missing (t=1.01037) |[1][GFX1-]: glxtest: libEGL missing (t=1.01043) [GFX1-]: glxtest: libEGL missing
Crash Annotation GraphicsCriticalError: |[0][GFX1-]: glxtest: libpci missing (t=1.01037) |[1][GFX1-]: glxtest: libEGL missing (t=1.01043) |[2][GFX1-]: glxtest: libGL.so.1 missing (t=1.01045) [GFX1-]: glxtest: libGL.so.1 missing
Crash Annotation GraphicsCriticalError: |[0][GFX1-]: glxtest: libpci missing (t=1.01037) |[1][GFX1-]: glxtest: libEGL missing (t=1.01043) |[2][GFX1-]: glxtest: libGL.so.1 missing (t=1.01045) |[3][GFX1-]: glxtest: libEGL missing (t=1.01047) [GFX1-]: glxtest: libEGL missing
Crash Annotation GraphicsCriticalError: |[0][GFX1-]: glxtest: libpci missing (t=1.01037) |[1][GFX1-]: glxtest: libEGL missing (t=1.01043) |[2][GFX1-]: glxtest: libGL.so.1 missing (t=1.01045) |[3][GFX1-]: glxtest: libEGL missing (t=1.01047) |[4][GFX1-]: No GPUs detected via PCI (t=1.01052) [GFX1-]: No GPUs detected via PCI
Crash Annotation GraphicsCriticalError: |[0][GFX1-]: glxtest: libpci missing (t=1.12143) [GFX1-]: glxtest: libpci missing
Crash Annotation GraphicsCriticalError: |[0][GFX1-]: glxtest: libpci missing (t=1.12143) |[1][GFX1-]: glxtest: libEGL missing (t=1.12149) [GFX1-]: glxtest: libEGL missing
Crash Annotation GraphicsCriticalError: |[0][GFX1-]: glxtest: libpci missing (t=1.12143) |[1][GFX1-]: glxtest: libEGL missing (t=1.12149) |[2][GFX1-]: glxtest: libGL.so.1 missing (t=1.1215) [GFX1-]: glxtest: libGL.so.1 missing
Crash Annotation GraphicsCriticalError: |[0][GFX1-]: glxtest: libpci missing (t=1.12143) |[1][GFX1-]: glxtest: libEGL missing (t=1.12149) |[2][GFX1-]: glxtest: libGL.so.1 missing (t=1.1215) |[3][GFX1-]: glxtest: libEGL missing (t=1.12153) [GFX1-]: glxtest: libEGL missing
Crash Annotation GraphicsCriticalError: |[0][GFX1-]: glxtest: libpci missing (t=1.12143) |[1][GFX1-]: glxtest: libEGL missing (t=1.12149) |[2][GFX1-]: glxtest: libGL.so.1 missing (t=1.1215) |[3][GFX1-]: glxtest: libEGL missing (t=1.12153) |[4][GFX1-]: No GPUs detected via PCI (t=1.12155) [GFX1-]: No GPUs detected via PCI
Crash Annotation GraphicsCriticalError: |[0][GFX1-]: glxtest: libpci missing (t=1.08125) [GFX1-]: glxtest: libpci missing
Crash Annotation GraphicsCriticalError: |[0][GFX1-]: glxtest: libpci missing (t=1.08125) |[1][GFX1-]: glxtest: libEGL missing (t=1.0813) [GFX1-]: glxtest: libEGL missing
Crash Annotation GraphicsCriticalError: |[0][GFX1-]: glxtest: libpci missing (t=1.08125) |[1][GFX1-]: glxtest: libEGL missing (t=1.0813) |[2][GFX1-]: glxtest: libGL.so.1 missing (t=1.08131) [GFX1-]: glxtest: libGL.so.1 missing
Crash Annotation GraphicsCriticalError: |[0][GFX1-]: glxtest: libpci missing (t=1.08125) |[1][GFX1-]: glxtest: libEGL missing (t=1.0813) |[2][GFX1-]: glxtest: libGL.so.1 missing (t=1.08131) |[3][GFX1-]: glxtest: libEGL missing (t=1.08133) [GFX1-]: glxtest: libEGL missing
Crash Annotation GraphicsCriticalError: |[0][GFX1-]: glxtest: libpci missing (t=1.08125) |[1][GFX1-]: glxtest: libEGL missing (t=1.0813) |[2][GFX1-]: glxtest: libGL.so.1 missing (t=1.08131) |[3][GFX1-]: glxtest: libEGL missing (t=1.08133) |[4][GFX1-]: No GPUs detected via PCI (t=1.08135) [GFX1-]: No GPUs detected via PCI
Crash Annotation GraphicsCriticalError: |[0][GFX1-]: glxtest: libpci missing (t=1.08267) [GFX1-]: glxtest: libpci missing
Crash Annotation GraphicsCriticalError: |[0][GFX1-]: glxtest: libpci missing (t=1.08267) |[1][GFX1-]: glxtest: libEGL missing (t=1.08273) [GFX1-]: glxtest: libEGL missing
Crash Annotation GraphicsCriticalError: |[0][GFX1-]: glxtest: libpci missing (t=1.08267) |[1][GFX1-]: glxtest: libEGL missing (t=1.08273) |[2][GFX1-]: glxtest: libGL.so.1 missing (t=1.08274) [GFX1-]: glxtest: libGL.so.1 missing
Crash Annotation GraphicsCriticalError: |[0][GFX1-]: glxtest: libpci missing (t=1.08267) |[1][GFX1-]: glxtest: libEGL missing (t=1.08273) |[2][GFX1-]: glxtest: libGL.so.1 missing (t=1.08274) |[3][GFX1-]: glxtest: libEGL missing (t=1.08275) [GFX1-]: glxtest: libEGL missing
Crash Annotation GraphicsCriticalError: |[0][GFX1-]: glxtest: libpci missing (t=1.08267) |[1][GFX1-]: glxtest: libEGL missing (t=1.08273) |[2][GFX1-]: glxtest: libGL.so.1 missing (t=1.08274) |[3][GFX1-]: glxtest: libEGL missing (t=1.08275) |[4][GFX1-]: No GPUs detected via PCI (t=1.08277) [GFX1-]: No GPUs detected via PCI
